<?xml version="1.0" encoding="UTF-8"?>
<testng-results ignored="0" total="3" passed="3" failed="0" skipped="0">
  <reporter-output>
  </reporter-output>
  <suite started-at="2022-07-16T23:44:58 IST" name="Default suite" finished-at="2022-07-16T23:45:21 IST" duration-ms="23145">
    <groups>
    </groups>
    <test started-at="2022-07-16T23:44:58 IST" name="Default test" finished-at="2022-07-16T23:45:21 IST" duration-ms="23145">
      <class name="Testclass">
        <test-method is-config="true" signature="launchApp()[pri:0, instance:Testclass@2a265ea9]" started-at="2022-07-16T23:44:58 IST" name="launchApp" finished-at="2022-07-16T23:45:03 IST" duration-ms="4577" status="PASS">
          <reporter-output>
          </reporter-output>
        </test-method> <!-- launchApp -->
        <test-method signature="testcase1()[pri:0, instance:Testclass@2a265ea9]" started-at="2022-07-16T23:45:03 IST" name="testcase1" finished-at="2022-07-16T23:45:03 IST" duration-ms="6" status="PASS">
          <reporter-output>
          </reporter-output>
        </test-method> <!-- testcase1 -->
        <test-method is-config="true" signature="tearDown()[pri:0, instance:Testclass@2a265ea9]" started-at="2022-07-16T23:45:03 IST" name="tearDown" finished-at="2022-07-16T23:45:07 IST" duration-ms="4138" status="PASS">
          <reporter-output>
          </reporter-output>
        </test-method> <!-- tearDown -->
        <test-method is-config="true" signature="launchApp()[pri:0, instance:Testclass@2a265ea9]" started-at="2022-07-16T23:45:07 IST" name="launchApp" finished-at="2022-07-16T23:45:10 IST" duration-ms="3138" status="PASS">
          <reporter-output>
          </reporter-output>
        </test-method> <!-- launchApp -->
        <test-method signature="testcase2()[pri:0, instance:Testclass@2a265ea9]" started-at="2022-07-16T23:45:10 IST" name="testcase2" finished-at="2022-07-16T23:45:10 IST" duration-ms="2" status="PASS">
          <reporter-output>
          </reporter-output>
        </test-method> <!-- testcase2 -->
        <test-method is-config="true" signature="tearDown()[pri:0, instance:Testclass@2a265ea9]" started-at="2022-07-16T23:45:10 IST" name="tearDown" finished-at="2022-07-16T23:45:14 IST" duration-ms="4129" status="PASS">
          <reporter-output>
          </reporter-output>
        </test-method> <!-- tearDown -->
        <test-method is-config="true" signature="launchApp()[pri:0, instance:Testclass@2a265ea9]" started-at="2022-07-16T23:45:14 IST" name="launchApp" finished-at="2022-07-16T23:45:17 IST" duration-ms="2947" status="PASS">
          <reporter-output>
          </reporter-output>
        </test-method> <!-- launchApp -->
        <test-method signature="testcase3()[pri:0, instance:Testclass@2a265ea9]" started-at="2022-07-16T23:45:17 IST" name="testcase3" finished-at="2022-07-16T23:45:17 IST" duration-ms="2" status="PASS">
          <reporter-output>
          </reporter-output>
        </test-method> <!-- testcase3 -->
        <test-method is-config="true" signature="tearDown()[pri:0, instance:Testclass@2a265ea9]" started-at="2022-07-16T23:45:17 IST" name="tearDown" finished-at="2022-07-16T23:45:21 IST" duration-ms="4130" status="PASS">
          <reporter-output>
          </reporter-output>
        </test-method> <!-- tearDown -->
      </class> <!-- Testclass -->
    </test> <!-- Default test -->
  </suite> <!-- Default suite -->
</testng-results>
